2025-10-18 14:59:26, MOVE, v:1, k:poo@motoca, mode:PICK
2025-10-18 14:59:28, EXEC, v:1, k:poo@motoca, mode:FULL, rate:6
2025-10-18 15:12:52, EXEC, v:1, k:poo@motoca, mode:FULL, rate:0, size:49
2025-10-18 15:13:37, EXEC, v:1, k:poo@motoca, mode:FULL, rate:6, size:48
2025-10-18 15:13:49, EXEC, v:1, k:poo@motoca, mode:FULL, rate:6, size:48
2025-10-18 15:13:54, EXEC, v:1, k:poo@motoca, mode:FULL, rate:6, size:46
2025-10-18 15:13:59, EXEC, v:1, k:poo@motoca, mode:FULL, rate:6, size:46
2025-10-18 15:16:58, EXEC, v:1, k:poo@motoca, mode:FULL, rate:0, size:55
2025-10-18 15:22:56, EXEC, v:1, k:poo@motoca, mode:FULL, rate:0, size:61
2025-10-18 15:23:10, EXEC, v:1, k:poo@motoca, mode:FULL, rate:0
2025-10-18 15:23:12, EXEC, v:1, k:poo@motoca, mode:FULL, rate:0, size:61
2025-10-18 15:23:25, EXEC, v:1, k:poo@motoca, mode:FULL, rate:0, size:62
2025-10-18 15:23:50, EXEC, v:1, k:poo@motoca, mode:FULL, rate:0
2025-10-18 15:23:51, EXEC, v:1, k:poo@motoca, mode:FULL, rate:6, size:61
2025-10-18 15:24:09, EXEC, v:1, k:poo@motoca, mode:FULL, rate:6, size:61
2025-10-18 15:24:29, EXEC, v:1, k:poo@motoca, mode:FULL, rate:0, size:99
2025-10-18 15:24:36, EXEC, v:1, k:poo@motoca, mode:FULL, rate:0
2025-10-18 15:24:37, EXEC, v:1, k:poo@motoca, mode:FULL, rate:0, size:99
2025-10-18 15:25:47, EXEC, v:1, k:poo@motoca, mode:FULL, rate:0, size:98
2025-10-18 15:25:57, EXEC, v:1, k:poo@motoca, mode:FULL, rate:0, size:99
2025-10-18 15:26:31, EXEC, v:1, k:poo@motoca, mode:FULL, rate:0, size:98
2025-10-18 15:26:49, EXEC, v:1, k:poo@motoca, mode:FULL, rate:0, size:98
2025-10-18 15:28:59, EXEC, v:1, k:poo@motoca, mode:FULL, rate:0, size:100
2025-10-18 15:29:23, EXEC, v:1, k:poo@motoca, mode:FULL, rate:0, size:100
2025-10-18 15:29:47, EXEC, v:1, k:poo@motoca, mode:FULL, rate:6, size:98
2025-10-18 15:30:10, EXEC, v:1, k:poo@motoca, mode:FULL, rate:6, size:61
2025-10-18 15:33:15, EXEC, v:1, k:poo@motoca, mode:FULL, rate:6, size:61
2025-10-18 15:34:03, EXEC, v:1, k:poo@motoca, mode:FULL, rate:6, size:61
2025-10-18 15:34:28, EXEC, v:1, k:poo@motoca, mode:FULL, rate:6
2025-10-18 15:34:34, EXEC, v:1, k:poo@motoca, mode:FULL, rate:6, size:61
2025-10-18 15:34:42, EXEC, v:1, k:poo@motoca, mode:FULL, rate:6, size:61
2025-10-18 15:35:00, EXEC, v:1, k:poo@motoca, mode:FULL, rate:6, size:61
2025-10-18 15:35:09, EXEC, v:1, k:poo@motoca, mode:FULL, rate:6, size:61
2025-10-18 15:35:12, EXEC, v:1, k:poo@motoca, mode:FULL, rate:6
2025-10-18 15:35:27, EXEC, v:1, k:poo@motoca, mode:FULL, rate:6, size:61
2025-10-18 15:35:49, EXEC, v:1, k:poo@motoca, mode:FULL, rate:0, size:61
2025-10-18 15:36:23, EXEC, v:1, k:poo@motoca, mode:FULL, rate:0, size:61
2025-10-18 15:36:29, EXEC, v:1, k:poo@motoca, mode:FULL, rate:13
2025-10-18 15:37:07, EXEC, v:1, k:poo@motoca, mode:FULL, rate:20, size:60
2025-10-18 15:38:44, EXEC, v:1, k:poo@motoca, mode:FULL, rate:20, size:66
2025-10-18 15:39:02, EXEC, v:1, k:poo@motoca, mode:FULL, rate:20, size:66
2025-10-18 15:39:46, EXEC, v:1, k:poo@motoca, mode:FULL, rate:33, size:69
2025-10-18 15:40:30, EXEC, v:1, k:poo@motoca, mode:FULL, rate:33, size:71
2025-10-18 15:41:38, EXEC, v:1, k:poo@motoca, mode:FULL, rate:33, size:71
2025-10-18 15:42:18, EXEC, v:1, k:poo@motoca, mode:FULL, rate:33, size:71
2025-10-18 15:44:51, EXEC, v:1, k:poo@motoca, mode:FULL, rate:33, size:73
2025-10-18 15:45:05, EXEC, v:1, k:poo@motoca, mode:FULL, rate:33, size:73
2025-10-18 15:45:19, EXEC, v:1, k:poo@motoca, mode:FULL, rate:53, size:73
2025-10-18 15:57:12, EXEC, v:1, k:poo@motoca, mode:FULL, rate:53, size:77
2025-10-18 15:58:45, EXEC, v:1, k:poo@motoca, mode:FULL, rate:60, size:80
2025-10-18 16:01:57, EXEC, v:1, k:poo@motoca, mode:FULL, rate:60, size:86
2025-10-18 16:02:35, EXEC, v:1, k:poo@motoca, mode:FULL, rate:60, size:89
2025-10-18 16:02:42, EXEC, v:1, k:poo@motoca, mode:FULL, rate:66, size:89
2025-10-18 16:03:40, EXEC, v:1, k:poo@motoca, mode:FULL, rate:60, size:90
2025-10-18 16:03:58, EXEC, v:1, k:poo@motoca, mode:FULL, rate:60, size:90
2025-10-18 16:04:13, EXEC, v:1, k:poo@motoca, mode:FULL, rate:66, size:90
2025-10-18 16:04:20, EXEC, v:1, k:poo@motoca, mode:FULL, rate:66, size:90
2025-10-18 16:04:24, EXEC, v:1, k:poo@motoca, mode:FULL, rate:73, size:90
2025-10-18 16:07:05, EXEC, v:1, k:poo@motoca, mode:FULL, rate:80, size:91
2025-10-18 16:09:44, EXEC, v:1, k:poo@motoca, mode:FULL, rate:73, size:93
2025-10-18 16:11:04, EXEC, v:1, k:poo@motoca, mode:FULL, rate:73, size:93
2025-10-18 16:11:38, EXEC, v:1, k:poo@motoca, mode:FULL, rate:80, size:93
2025-10-18 16:16:38, EXEC, v:1, k:poo@motoca, mode:FULL, rate:86, size:93
2025-10-18 16:21:20, EXEC, v:1, k:poo@motoca, mode:FULL, rate:86, size:99
2025-10-18 16:21:28, EXEC, v:1, k:poo@motoca, mode:FULL, rate:93, size:99
2025-10-18 16:24:51, EXEC, v:1, k:poo@motoca, mode:FULL, rate:93, size:104
2025-10-18 16:25:11, EXEC, v:1, k:poo@motoca, mode:FULL, rate:100, size:104
2025-10-18 16:25:17, MOVE, v:1, k:poo@motoca, mode:BACK
2025-10-18 16:25:50, SELF, v:1, k:poo@motoca, rate:100, alone:10, study:100
