2025-10-06 19:29:42, MOVE, v:1, k:poo@chinela, mode:DOWN
2025-10-06 19:38:47, MOVE, v:1, k:poo@chinela, mode:PICK
2025-10-06 19:38:49, MOVE, v:1, k:poo@chinela, mode:BACK
2025-10-06 19:39:17, EXEC, v:1, k:poo@chinela, mode:FREE, size:12
2025-10-06 19:40:03, EXEC, v:1, k:poo@chinela, mode:FREE, size:12
2025-10-06 19:41:48, EXEC, v:1, k:poo@chinela, mode:FREE, size:15
2025-10-06 19:42:19, EXEC, v:1, k:poo@chinela, mode:FREE, size:14
2025-10-06 19:50:11, MOVE, v:1, k:poo@roupa, mode:DOWN
2025-10-06 19:53:44, MOVE, v:1, k:poo@roupa, mode:PICK
2025-10-06 19:53:44, EXEC, v:1, k:poo@roupa, mode:FULL, rate:0, size:5
2025-10-06 19:57:28, EXEC, v:1, k:poo@roupa, mode:FULL, rate:0, size:16
2025-10-06 20:01:38, EXEC, v:1, k:poo@roupa, mode:FULL, rate:0, size:23
2025-10-06 20:05:01, EXEC, v:1, k:poo@roupa, mode:FULL, rate:0, size:24
2025-10-06 20:05:53, EXEC, v:1, k:poo@roupa, mode:FULL, rate:0, size:26
2025-10-06 20:05:58, EXEC, v:1, k:poo@roupa, mode:FULL, rate:0, size:27
2025-10-06 20:55:09, MOVE, v:1, k:poo@chinela, mode:PICK
2025-10-06 20:55:10, MOVE, v:1, k:poo@chinela, mode:BACK
2025-10-06 21:07:12, MOVE, v:1, k:poo@camisa, mode:DOWN
2025-10-06 21:07:28, SELF, v:1, k:poo@chinela
2025-10-06 21:07:30, MOVE, v:1, k:poo@chinela, mode:PICK
2025-10-06 21:07:31, MOVE, v:1, k:poo@chinela, mode:BACK
2025-10-06 21:07:43, MOVE, v:1, k:poo@camisa, mode:PICK
2025-10-06 21:20:48, EXEC, v:1, k:poo@camisa, mode:LOCK, rate:0, size:20
2025-10-06 21:21:45, EXEC, v:1, k:poo@camisa, mode:LOCK, rate:0
2025-10-06 21:21:59, MOVE, v:1, k:poo@camisa, mode:BACK
2025-10-06 21:22:02, MOVE, v:1, k:poo@roupa, mode:PICK
2025-10-06 21:22:03, EXEC, v:1, k:poo@roupa, mode:FULL, rate:0, size:29
2025-10-06 21:22:32, EXEC, v:1, k:poo@roupa, mode:FULL, rate:0, size:32
2025-10-06 21:24:49, EXEC, v:1, k:poo@roupa, mode:FULL, rate:0, size:33
2025-10-06 21:25:13, MOVE, v:1, k:poo@roupa, mode:PICK
2025-10-06 21:25:49, MOVE, v:1, k:poo@roupa, mode:PICK
2025-10-06 21:25:54, MOVE, v:1, k:poo@roupa, mode:PICK
2025-10-06 21:26:10, EXEC, v:1, k:poo@roupa, mode:FULL, rate:0, size:31
2025-10-06 21:26:26, MOVE, v:1, k:poo@roupa, mode:PICK
2025-10-06 21:26:26, EXEC, v:1, k:poo@roupa, mode:FULL, rate:0
2025-10-06 21:27:44, MOVE, v:1, k:poo@roupa, mode:PICK
2025-10-06 21:29:08, MOVE, v:1, k:poo@roupa, mode:PICK
2025-10-06 21:29:38, MOVE, v:1, k:poo@roupa, mode:PICK
