2025-10-24 14:08:51, MOVE, v:1, k:poo@grafite, mode:PICK
2025-10-24 14:08:53, EXEC, v:1, k:poo@grafite, mode:FULL, rate:0, size:4
2025-10-24 14:24:32, EXEC, v:1, k:poo@grafite, mode:FULL, rate:0, size:30
2025-10-24 14:24:38, EXEC, v:1, k:poo@grafite, mode:FULL, rate:0, size:32
2025-10-24 14:26:44, EXEC, v:1, k:poo@grafite, mode:FULL, rate:0, size:32
2025-10-24 14:26:47, EXEC, v:1, k:poo@grafite, mode:FULL, rate:0
2025-10-24 14:26:48, EXEC, v:1, k:poo@grafite, mode:FULL, rate:0, size:32
2025-10-24 15:08:46, EXEC, v:1, k:poo@grafite, mode:FULL, rate:0, size:37
2025-10-24 15:11:55, EXEC, v:1, k:poo@grafite, mode:FULL, rate:0, size:38
2025-10-24 15:11:56, EXEC, v:1, k:poo@grafite, mode:FULL, rate:0
2025-10-24 15:11:57, EXEC, v:1, k:poo@grafite, mode:FULL, rate:0
2025-10-24 15:12:10, EXEC, v:1, k:poo@grafite, mode:FULL, rate:0, size:38
2025-10-24 15:14:48, EXEC, v:1, k:poo@grafite, mode:FULL, rate:0, size:42
2025-10-24 15:14:49, EXEC, v:1, k:poo@grafite, mode:FULL, rate:0
2025-10-24 15:15:00, EXEC, v:1, k:poo@grafite, mode:FULL, rate:0
2025-10-24 15:15:01, EXEC, v:1, k:poo@grafite, mode:FULL, rate:0
2025-10-24 15:15:17, EXEC, v:1, k:poo@grafite, mode:FULL, rate:0, size:42
2025-10-24 15:15:18, EXEC, v:1, k:poo@grafite, mode:FULL, rate:0
2025-10-24 15:15:18, EXEC, v:1, k:poo@grafite, mode:FULL, rate:0
2025-10-24 15:15:19, EXEC, v:1, k:poo@grafite, mode:FULL, rate:0
2025-10-24 15:15:35, EXEC, v:1, k:poo@grafite, mode:FULL, rate:0, size:42
2025-10-24 15:16:52, EXEC, v:1, k:poo@grafite, mode:FULL, rate:0, size:42
2025-10-24 15:17:26, EXEC, v:1, k:poo@grafite, mode:FULL, rate:0, size:42
2025-10-24 15:19:56, EXEC, v:1, k:poo@grafite, mode:FULL, rate:0, size:42
2025-10-24 15:21:14, EXEC, v:1, k:poo@grafite, mode:FULL, rate:10, size:45
2025-10-24 15:30:56, EXEC, v:1, k:poo@grafite, mode:FULL, rate:0, size:57
2025-10-24 15:32:23, EXEC, v:1, k:poo@grafite, mode:FULL, rate:0, size:61
2025-10-24 15:32:25, EXEC, v:1, k:poo@grafite, mode:FULL, rate:0
2025-10-24 15:32:41, EXEC, v:1, k:poo@grafite, mode:FULL, rate:0, size:61
2025-10-24 15:32:50, EXEC, v:1, k:poo@grafite, mode:FULL, rate:0, size:61
2025-10-24 15:33:14, EXEC, v:1, k:poo@grafite, mode:FULL, rate:10, size:64
2025-10-24 15:37:07, EXEC, v:1, k:poo@grafite, mode:FULL, rate:10, size:70
2025-10-24 15:37:16, EXEC, v:1, k:poo@grafite, mode:FULL, rate:10, size:70
2025-10-24 15:40:07, EXEC, v:1, k:poo@grafite, mode:FULL, rate:30, size:70
2025-10-24 15:40:19, EXEC, v:1, k:poo@grafite, mode:FULL, rate:40, size:70
2025-10-24 15:41:20, EXEC, v:1, k:poo@grafite, mode:FULL, rate:60, size:75
2025-10-24 15:42:50, EXEC, v:1, k:poo@grafite, mode:FULL, rate:60, size:82
2025-10-24 15:43:29, EXEC, v:1, k:poo@grafite, mode:FULL, rate:70, size:82
2025-10-24 15:43:40, EXEC, v:1, k:poo@grafite, mode:FULL, rate:60, size:82
2025-10-24 15:43:45, EXEC, v:1, k:poo@grafite, mode:FULL, rate:70, size:82
2025-10-24 15:45:05, EXEC, v:1, k:poo@grafite, mode:FULL, rate:0, size:84
2025-10-24 15:47:03, EXEC, v:1, k:poo@grafite, mode:FULL, rate:70, size:94
2025-10-24 15:47:33, EXEC, v:1, k:poo@grafite, mode:FULL, rate:80, size:94
2025-10-24 15:49:24, EXEC, v:1, k:poo@grafite, mode:FULL, rate:80, size:96
2025-10-24 15:49:41, EXEC, v:1, k:poo@grafite, mode:FULL, rate:60, size:96
2025-10-24 15:50:13, EXEC, v:1, k:poo@grafite, mode:FULL, rate:60, size:96
2025-10-24 15:51:01, EXEC, v:1, k:poo@grafite, mode:FULL, rate:60, size:95
2025-10-24 15:51:10, EXEC, v:1, k:poo@grafite, mode:FULL, rate:80, size:94
2025-10-24 15:53:13, EXEC, v:1, k:poo@grafite, mode:FULL, rate:90, size:104
2025-10-24 15:53:50, EXEC, v:1, k:poo@grafite, mode:FULL, rate:80, size:104
2025-10-24 15:54:07, EXEC, v:1, k:poo@grafite, mode:FULL, rate:100, size:104
2025-10-24 15:54:16, MOVE, v:1, k:poo@grafite, mode:BACK
2025-10-24 15:54:19, MOVE, v:1, k:poo@grafite, mode:PICK
2025-10-24 15:54:20, EXEC, v:1, k:poo@grafite, mode:FULL, rate:100
2025-10-24 15:54:20, MOVE, v:1, k:poo@grafite, mode:BACK
2025-10-24 15:54:58, SELF, v:1, k:poo@grafite, rate:100, iagen:gpt, alone:7, study:80
2025-10-24 15:55:00, MOVE, v:1, k:poo@grafite, mode:PICK
2025-10-24 15:55:01, EXEC, v:1, k:poo@grafite, mode:FULL, rate:100, size:103
2025-10-24 15:55:02, MOVE, v:1, k:poo@grafite, mode:BACK
