2025-10-12 12:56:53, MOVE, v:1, k:poo@relogio, mode:PICK
2025-10-12 12:59:26, EXEC, v:1, k:poo@relogio, mode:FULL, rate:7, size:54
2025-10-12 13:00:06, EXEC, v:1, k:poo@relogio, mode:FULL, rate:7, size:56
2025-10-12 13:00:55, EXEC, v:1, k:poo@relogio, mode:FULL, rate:61, size:56
2025-10-12 13:05:19, EXEC, v:1, k:poo@relogio, mode:FULL, rate:61, size:69
2025-10-12 13:06:15, EXEC, v:1, k:poo@relogio, mode:FULL, rate:61, size:72
2025-10-12 13:06:29, EXEC, v:1, k:poo@relogio, mode:FULL, rate:61, size:73
2025-10-12 13:07:39, EXEC, v:1, k:poo@relogio, mode:FULL, rate:61, size:73
2025-10-12 13:08:11, EXEC, v:1, k:poo@relogio, mode:FULL, rate:61, size:73
2025-10-12 13:08:23, EXEC, v:1, k:poo@relogio, mode:FULL, rate:61, size:73
2025-10-12 13:09:55, EXEC, v:1, k:poo@relogio, mode:FULL, rate:61, size:73
2025-10-12 13:10:09, EXEC, v:1, k:poo@relogio, mode:FULL, rate:61, size:73
2025-10-12 13:10:31, EXEC, v:1, k:poo@relogio, mode:FULL, rate:76, size:71
2025-10-12 13:10:48, EXEC, v:1, k:poo@relogio, mode:FULL, rate:76, size:71
2025-10-12 13:10:52, EXEC, v:1, k:poo@relogio, mode:FULL, rate:61, size:73
2025-10-12 13:11:07, EXEC, v:1, k:poo@relogio, mode:FULL, rate:76, size:71
2025-10-12 13:12:12, EXEC, v:1, k:poo@relogio, mode:FULL, rate:76, size:74
2025-10-12 13:12:36, EXEC, v:1, k:poo@relogio, mode:FULL, rate:0, size:75
2025-10-12 13:12:55, EXEC, v:1, k:poo@relogio, mode:FULL, rate:76, size:75
2025-10-12 13:13:12, EXEC, v:1, k:poo@relogio, mode:FULL, rate:76, size:75
2025-10-12 13:15:27, EXEC, v:1, k:poo@relogio, mode:FULL, rate:84, size:78
2025-10-12 13:16:22, EXEC, v:1, k:poo@relogio, mode:FULL, rate:76, size:78
2025-10-12 13:16:30, EXEC, v:1, k:poo@relogio, mode:FULL, rate:84, size:78
2025-10-12 13:21:50, EXEC, v:1, k:poo@relogio, mode:FULL, rate:53, size:78
2025-10-12 13:22:05, EXEC, v:1, k:poo@relogio, mode:FULL, rate:84, size:77
2025-10-12 13:24:00, EXEC, v:1, k:poo@relogio, mode:FULL, rate:84, size:75
2025-10-12 13:25:40, EXEC, v:1, k:poo@relogio, mode:FULL, rate:53, size:76
2025-10-12 13:28:05, EXEC, v:1, k:poo@relogio, mode:FULL, rate:53
2025-10-12 13:28:22, EXEC, v:1, k:poo@relogio, mode:FULL, rate:84, size:75
2025-10-12 13:31:30, EXEC, v:1, k:poo@relogio, mode:FULL, rate:84, size:78
2025-10-12 13:33:08, EXEC, v:1, k:poo@relogio, mode:FULL, rate:84, size:93
2025-10-12 13:33:29, EXEC, v:1, k:poo@relogio, mode:FULL, rate:46, size:89
2025-10-12 13:34:14, EXEC, v:1, k:poo@relogio, mode:FULL, rate:84, size:94
2025-10-12 13:34:52, EXEC, v:1, k:poo@relogio, mode:FULL, rate:46, size:90
2025-10-12 13:35:13, EXEC, v:1, k:poo@relogio, mode:FULL, rate:84, size:75
2025-10-12 13:38:42, EXEC, v:1, k:poo@relogio, mode:FULL, rate:84, size:78
2025-10-12 13:39:16, EXEC, v:1, k:poo@relogio, mode:FULL, rate:84, size:76
2025-10-12 13:39:25, EXEC, v:1, k:poo@relogio, mode:FULL, rate:84, size:78
2025-10-12 13:39:34, EXEC, v:1, k:poo@relogio, mode:FULL, rate:84
2025-10-12 13:40:19, EXEC, v:1, k:poo@relogio, mode:FULL, rate:84, size:78
2025-10-12 13:44:19, EXEC, v:1, k:poo@relogio, mode:FULL, rate:46, size:73
2025-10-12 13:46:01, EXEC, v:1, k:poo@relogio, mode:FULL, rate:0, size:93
2025-10-12 13:46:06, EXEC, v:1, k:poo@relogio, mode:FULL, rate:46, size:93
2025-10-12 13:46:12, EXEC, v:1, k:poo@relogio, mode:FULL, rate:84, size:74
2025-10-12 13:46:59, EXEC, v:1, k:poo@relogio, mode:FULL, rate:46, size:73
2025-10-12 13:47:13, EXEC, v:1, k:poo@relogio, mode:FULL, rate:84, size:74
2025-10-12 13:48:43, MOVE, v:1, k:poo@relogio, mode:PICK
2025-10-12 13:48:45, EXEC, v:1, k:poo@relogio, mode:FULL, rate:84
2025-10-12 17:46:56, MOVE, v:1, k:poo@relogio, mode:PICK
2025-10-12 17:46:57, EXEC, v:1, k:poo@relogio, mode:FULL, rate:53, size:72
2025-10-12 17:47:07, EXEC, v:1, k:poo@relogio, mode:FULL, rate:84, size:74
2025-10-12 17:50:04, EXEC, v:1, k:poo@relogio, mode:FULL, rate:53, size:75
2025-10-12 17:50:21, EXEC, v:1, k:poo@relogio, mode:FULL, rate:84, size:74
2025-10-12 17:52:54, EXEC, v:1, k:poo@relogio, mode:FULL, rate:84, size:81
2025-10-12 17:55:11, EXEC, v:1, k:poo@relogio, mode:FULL, rate:84, size:81
2025-10-12 17:55:34, MOVE, v:1, k:poo@relogio, mode:BACK
2025-10-12 17:56:05, MOVE, v:1, k:poo@relogio, mode:PICK
2025-10-12 17:56:07, EXEC, v:1, k:poo@relogio, mode:FULL, rate:84
2025-10-12 17:57:07, EXEC, v:1, k:poo@relogio, mode:FULL, rate:53, size:82
2025-10-12 17:58:10, EXEC, v:1, k:poo@relogio, mode:FULL, rate:84, size:81
2025-10-12 23:42:06, MOVE, v:1, k:poo@relogio, mode:PICK
2025-10-12 23:42:07, EXEC, v:1, k:poo@relogio, mode:FULL, rate:84
2025-10-12 23:42:11, MOVE, v:1, k:poo@relogio, mode:BACK
2025-10-12 23:42:48, SELF, v:1, k:poo@relogio, rate:84, alone:10, study:70
2025-10-12 23:42:59, SELF, v:1, k:poo@roupa, rate:100, alone:10, study:30
